#
# There is insufficient memory for the Java Runtime Environment to continue.
# Native memory allocation (malloc) failed to allocate 592528 bytes for Chunk::new
# Possible reasons:
#   The system is out of physical RAM or swap space
#   The process is running with CompressedOops enabled, and the Java Heap may be blocking the growth of the native heap
# Possible solutions:
#   Reduce memory load on the system
#   Increase physical memory or swap space
#   Check if swap backing store is full
#   Decrease Java heap size (-Xmx/-Xms)
#   Decrease number of Java threads
#   Decrease Java thread stack sizes (-Xss)
#   Set larger code cache with -XX:ReservedCodeCacheSize=
#   JVM is running with Unscaled Compressed Oops mode in which the Java heap is
#     placed in the first 4GB address space. The Java Heap base address is the
#     maximum limit for the native heap growth. Please use -XX:HeapBaseMinAddress
#     to set the Java Heap base and to place the Java Heap above 4GB virtual address.
# This output file may be truncated or incomplete.
#
#  Out of Memory Error (allocation.cpp:389), pid=34216, tid=0x0000000000008350
#
# JRE version: Java(TM) SE Runtime Environment (8.0_261-b12) (build 1.8.0_261-b12)
# Java VM: Java HotSpot(TM) 64-Bit Server VM (25.261-b12 mixed mode windows-amd64 compressed oops)
# Failed to write core dump. Minidumps are not enabled by default on client versions of Windows
#

---------------  T H R E A D  ---------------

Current thread (0x000001cf3c2db800):  JavaThread "C2 CompilerThread0" daemon [_thread_in_native, id=33616, stack(0x0000005714800000,0x0000005714900000)]

Stack: [0x0000005714800000,0x0000005714900000]
Native frames: (J=compiled Java code, j=interpreted, Vv=VM code, C=native code)
V  [jvm.dll+0x33e5f9]
V  [jvm.dll+0x2850e2]
V  [jvm.dll+0x285d8d]
V  [jvm.dll+0x27c895]
V  [jvm.dll+0xe4d6c]
V  [jvm.dll+0xe556c]
V  [jvm.dll+0x4c5aa7]
V  [jvm.dll+0x4c4a0e]
V  [jvm.dll+0x44f6fe]
V  [jvm.dll+0x44ecb5]
V  [jvm.dll+0x439bc7]
V  [jvm.dll+0xbbbcb]
V  [jvm.dll+0xba22b]
V  [jvm.dll+0x24d962]
V  [jvm.dll+0x2a1cfc]
C  [ucrtbase.dll+0x210b2]
C  [KERNEL32.DLL+0x17c24]
C  [ntdll.dll+0x6d4d1]


Current CompileTask:
C2:  29297 5427   !   4       com.mysql.cj.NativeSession::loadServerVariables (1552 bytes)


---------------  P R O C E S S  ---------------

Java Threads: ( => current thread )
  0x000001cf3cb30800 JavaThread "mysql-cj-abandoned-connection-cleanup" daemon [_thread_blocked, id=15132, stack(0x0000005715500000,0x0000005715600000)]
  0x000001cf3d02a800 JavaThread "TimerQueue" daemon [_thread_blocked, id=33388, stack(0x0000005715600000,0x0000005715700000)]
  0x000001cf24479000 JavaThread "DestroyJavaVM" [_thread_blocked, id=4792, stack(0x0000005713900000,0x0000005713a00000)]
  0x000001cf3c5c9000 JavaThread "AWT-EventQueue-0" [_thread_in_native, id=33608, stack(0x0000005715100000,0x0000005715200000)]
  0x000001cf3cb0d800 JavaThread "AWT-Windows" daemon [_thread_in_native, id=23128, stack(0x0000005715000000,0x0000005715100000)]
  0x000001cf3c994000 JavaThread "AWT-Shutdown" [_thread_blocked, id=17380, stack(0x0000005714f00000,0x0000005715000000)]
  0x000001cf3caa6000 JavaThread "Java2D Disposer" daemon [_thread_blocked, id=28636, stack(0x0000005714e00000,0x0000005714f00000)]
  0x000001cf3c32b000 JavaThread "Service Thread" daemon [_thread_blocked, id=31052, stack(0x0000005714c00000,0x0000005714d00000)]
  0x000001cf3c327800 JavaThread "C1 CompilerThread3" daemon [_thread_blocked, id=32544, stack(0x0000005714b00000,0x0000005714c00000)]
  0x000001cf3c2de000 JavaThread "C2 CompilerThread2" daemon [_thread_blocked, id=33544, stack(0x0000005714a00000,0x0000005714b00000)]
  0x000001cf3c2dd800 JavaThread "C2 CompilerThread1" daemon [_thread_blocked, id=10396, stack(0x0000005714900000,0x0000005714a00000)]
=>0x000001cf3c2db800 JavaThread "C2 CompilerThread0" daemon [_thread_in_native, id=33616, stack(0x0000005714800000,0x0000005714900000)]
  0x000001cf3c2d5800 JavaThread "org.jacoco.agent.rt.internal_8ff85ea.output.TcpClientOutput" daemon [_thread_in_native, id=33948, stack(0x0000005714700000,0x0000005714800000)]
  0x000001cf3a41a000 JavaThread "Attach Listener" daemon [_thread_blocked, id=29228, stack(0x0000005714600000,0x0000005714700000)]
  0x000001cf3a419000 JavaThread "Signal Dispatcher" daemon [_thread_blocked, id=29816, stack(0x0000005714500000,0x0000005714600000)]
  0x000001cf3a3e8000 JavaThread "Finalizer" daemon [_thread_blocked, id=16320, stack(0x0000005714400000,0x0000005714500000)]
  0x000001cf3a3c0000 JavaThread "Reference Handler" daemon [_thread_blocked, id=20448, stack(0x0000005714300000,0x0000005714400000)]

Other Threads:
  0x000001cf3a3b8000 VMThread [stack: 0x0000005714200000,0x0000005714300000] [id=33176]
  0x000001cf3c2d4800 WatcherThread [stack: 0x0000005714d00000,0x0000005714e00000] [id=29276]

VM state:not at safepoint (normal execution)

VM Mutex/Monitor currently owned by a thread: None

heap address: 0x0000000083e00000, size: 1986 MB, Compressed Oops mode: 32-bit
Narrow klass base: 0x0000000000000000, Narrow klass shift: 3
Compressed class space size: 1073741824 Address: 0x0000000100000000

Heap:
 PSYoungGen      total 281088K, used 173394K [0x00000000d6a00000, 0x00000000eb880000, 0x0000000100000000)
  eden space 236032K, 73% used [0x00000000d6a00000,0x00000000e1354b28,0x00000000e5080000)
  from space 45056K, 0% used [0x00000000e5080000,0x00000000e5080000,0x00000000e7c80000)
  to   space 39936K, 0% used [0x00000000e7c80000,0x00000000e7c80000,0x00000000ea380000)
 ParOldGen       total 205824K, used 98160K [0x0000000083e00000, 0x0000000090700000, 0x00000000d6a00000)
  object space 205824K, 47% used [0x0000000083e00000,0x0000000089ddc380,0x0000000090700000)
 Metaspace       used 24477K, capacity 24840K, committed 25264K, reserved 1071104K
  class space    used 2821K, capacity 2927K, committed 2992K, reserved 1048576K

Card table byte_map: [0x000001cf35100000,0x000001cf354f0000] byte_map_base: 0x000001cf34ce1000

Marking Bits: (ParMarkBitMap*) 0x0000000068074fb0
 Begin Bits: [0x000001cf35790000, 0x000001cf37698000)
 End Bits:   [0x000001cf37698000, 0x000001cf395a0000)

Polling page: 0x000001cf24400000

CodeCache: size=245760Kb used=18279Kb max_used=18502Kb free=227480Kb
 bounds [0x000001cf25d40000, 0x000001cf26f70000, 0x000001cf34d40000]
 total_blobs=5529 nmethods=4915 adapters=526
 compilation: enabled

Compilation events (10 events):
Event: 29.039 Thread 0x000001cf3c327800 nmethod 5425 0x000001cf26157250 code [0x000001cf261573c0, 0x000001cf26157658]
Event: 29.039 Thread 0x000001cf3c327800 5422       3       com.mysql.cj.protocol.a.NativeCapabilities::setSeed (15 bytes)
Event: 29.040 Thread 0x000001cf3c327800 nmethod 5422 0x000001cf261cc590 code [0x000001cf261cc700, 0x000001cf261cc8f0]
Event: 29.040 Thread 0x000001cf3c327800 5423       3       com.mysql.cj.protocol.a.NativeCapabilities::setServerDefaultCollationIndex (15 bytes)
Event: 29.040 Thread 0x000001cf3c327800 nmethod 5423 0x000001cf26548590 code [0x000001cf26548700, 0x000001cf265488d0]
Event: 29.057 Thread 0x000001cf3c2de000 nmethod 5428 0x000001cf263ee890 code [0x000001cf263eeaa0, 0x000001cf263efc28]
Event: 29.087 Thread 0x000001cf3c2dd800 5429       4       javax.crypto.Cipher::getTransform (58 bytes)
Event: 29.087 Thread 0x000001cf3c2de000 5430       4       sun.security.util.MemoryCache::emptyQueue (93 bytes)
Event: 29.090 Thread 0x000001cf3c2de000 nmethod 5430 0x000001cf26400790 code [0x000001cf264008e0, 0x000001cf26400ce8]
Event: 29.093 Thread 0x000001cf3c2dd800 nmethod 5429 0x000001cf25e71c50 code [0x000001cf25e71dc0, 0x000001cf25e72208]

GC Heap History (10 events):
Event: 24.592 GC heap before
{Heap before GC invocations=18 (full 3):
 PSYoungGen      total 208384K, used 175616K [0x00000000d6a00000, 0x00000000e5a80000, 0x0000000100000000)
  eden space 175616K, 100% used [0x00000000d6a00000,0x00000000e1580000,0x00000000e1580000)
  from space 32768K, 0% used [0x00000000e3700000,0x00000000e3700000,0x00000000e5700000)
  to   space 34304K, 0% used [0x00000000e1580000,0x00000000e1580000,0x00000000e3700000)
 ParOldGen       total 150016K, used 83301K [0x0000000083e00000, 0x000000008d080000, 0x00000000d6a00000)
  object space 150016K, 55% used [0x0000000083e00000,0x0000000088f59710,0x000000008d080000)
 Metaspace       used 24426K, capacity 24776K, committed 25008K, reserved 1071104K
  class space    used 2821K, capacity 2927K, committed 2992K, reserved 1048576K
Event: 24.608 GC heap after
Heap after GC invocations=18 (full 3):
 PSYoungGen      total 209920K, used 34275K [0x00000000d6a00000, 0x00000000ea380000, 0x0000000100000000)
  eden space 175616K, 0% used [0x00000000d6a00000,0x00000000d6a00000,0x00000000e1580000)
  from space 34304K, 99% used [0x00000000e1580000,0x00000000e36f8f60,0x00000000e3700000)
  to   space 39936K, 0% used [0x00000000e7c80000,0x00000000e7c80000,0x00000000ea380000)
 ParOldGen       total 150016K, used 85141K [0x0000000083e00000, 0x000000008d080000, 0x00000000d6a00000)
  object space 150016K, 56% used [0x0000000083e00000,0x0000000089125710,0x000000008d080000)
 Metaspace       used 24426K, capacity 24776K, committed 25008K, reserved 1071104K
  class space    used 2821K, capacity 2927K, committed 2992K, reserved 1048576K
}
Event: 25.381 GC heap before
{Heap before GC invocations=19 (full 3):
 PSYoungGen      total 209920K, used 209891K [0x00000000d6a00000, 0x00000000ea380000, 0x0000000100000000)
  eden space 175616K, 100% used [0x00000000d6a00000,0x00000000e1580000,0x00000000e1580000)
  from space 34304K, 99% used [0x00000000e1580000,0x00000000e36f8f60,0x00000000e3700000)
  to   space 39936K, 0% used [0x00000000e7c80000,0x00000000e7c80000,0x00000000ea380000)
 ParOldGen       total 150016K, used 85141K [0x0000000083e00000, 0x000000008d080000, 0x00000000d6a00000)
  object space 150016K, 56% used [0x0000000083e00000,0x0000000089125710,0x000000008d080000)
 Metaspace       used 24426K, capacity 24776K, committed 25008K, reserved 1071104K
  class space    used 2821K, capacity 2927K, committed 2992K, reserved 1048576K
Event: 25.444 GC heap after
Heap after GC invocations=19 (full 3):
 PSYoungGen      total 275968K, used 36675K [0x00000000d6a00000, 0x00000000eb880000, 0x0000000100000000)
  eden space 236032K, 0% used [0x00000000d6a00000,0x00000000d6a00000,0x00000000e5080000)
  from space 39936K, 91% used [0x00000000e7c80000,0x00000000ea050f60,0x00000000ea380000)
  to   space 45056K, 0% used [0x00000000e5080000,0x00000000e5080000,0x00000000e7c80000)
 ParOldGen       total 150016K, used 117619K [0x0000000083e00000, 0x000000008d080000, 0x00000000d6a00000)
  object space 150016K, 78% used [0x0000000083e00000,0x000000008b0dcd60,0x000000008d080000)
 Metaspace       used 24426K, capacity 24776K, committed 25008K, reserved 1071104K
  class space    used 2821K, capacity 2927K, committed 2992K, reserved 1048576K
}
Event: 26.740 GC heap before
{Heap before GC invocations=20 (full 3):
 PSYoungGen      total 275968K, used 272707K [0x00000000d6a00000, 0x00000000eb880000, 0x0000000100000000)
  eden space 236032K, 100% used [0x00000000d6a00000,0x00000000e5080000,0x00000000e5080000)
  from space 39936K, 91% used [0x00000000e7c80000,0x00000000ea050f60,0x00000000ea380000)
  to   space 45056K, 0% used [0x00000000e5080000,0x00000000e5080000,0x00000000e7c80000)
 ParOldGen       total 150016K, used 117619K [0x0000000083e00000, 0x000000008d080000, 0x00000000d6a00000)
  object space 150016K, 78% used [0x0000000083e00000,0x000000008b0dcd60,0x000000008d080000)
 Metaspace       used 24457K, capacity 24840K, committed 25264K, reserved 1071104K
  class space    used 2821K, capacity 2927K, committed 2992K, reserved 1048576K
Event: 26.786 GC heap after
Heap after GC invocations=20 (full 3):
 PSYoungGen      total 281088K, used 45029K [0x00000000d6a00000, 0x00000000eb880000, 0x0000000100000000)
  eden space 236032K, 0% used [0x00000000d6a00000,0x00000000d6a00000,0x00000000e5080000)
  from space 45056K, 99% used [0x00000000e5080000,0x00000000e7c797e0,0x00000000e7c80000)
  to   space 39936K, 0% used [0x00000000e7c80000,0x00000000e7c80000,0x00000000ea380000)
 ParOldGen       total 152576K, used 152455K [0x0000000083e00000, 0x000000008d300000, 0x00000000d6a00000)
  object space 152576K, 99% used [0x0000000083e00000,0x000000008d2e1f30,0x000000008d300000)
 Metaspace       used 24457K, capacity 24840K, committed 25264K, reserved 1071104K
  class space    used 2821K, capacity 2927K, committed 2992K, reserved 1048576K
}
Event: 26.786 GC heap before
{Heap before GC invocations=21 (full 4):
 PSYoungGen      total 281088K, used 45029K [0x00000000d6a00000, 0x00000000eb880000, 0x0000000100000000)
  eden space 236032K, 0% used [0x00000000d6a00000,0x00000000d6a00000,0x00000000e5080000)
  from space 45056K, 99% used [0x00000000e5080000,0x00000000e7c797e0,0x00000000e7c80000)
  to   space 39936K, 0% used [0x00000000e7c80000,0x00000000e7c80000,0x00000000ea380000)
 ParOldGen       total 152576K, used 152455K [0x0000000083e00000, 0x000000008d300000, 0x00000000d6a00000)
  object space 152576K, 99% used [0x0000000083e00000,0x000000008d2e1f30,0x000000008d300000)
 Metaspace       used 24457K, capacity 24840K, committed 25264K, reserved 1071104K
  class space    used 2821K, capacity 2927K, committed 2992K, reserved 1048576K
Event: 26.984 GC heap after
Heap after GC invocations=21 (full 4):
 PSYoungGen      total 281088K, used 0K [0x00000000d6a00000, 0x00000000eb880000, 0x0000000100000000)
  eden space 236032K, 0% used [0x00000000d6a00000,0x00000000d6a00000,0x00000000e5080000)
  from space 45056K, 0% used [0x00000000e5080000,0x00000000e5080000,0x00000000e7c80000)
  to   space 39936K, 0% used [0x00000000e7c80000,0x00000000e7c80000,0x00000000ea380000)
 ParOldGen       total 152576K, used 139201K [0x0000000083e00000, 0x000000008d300000, 0x00000000d6a00000)
  object space 152576K, 91% used [0x0000000083e00000,0x000000008c5f05a0,0x000000008d300000)
 Metaspace       used 24457K, capacity 24840K, committed 25264K, reserved 1071104K
  class space    used 2821K, capacity 2927K, committed 2992K, reserved 1048576K
}
Event: 28.265 GC heap before
{Heap before GC invocations=22 (full 5):
 PSYoungGen      total 281088K, used 236032K [0x00000000d6a00000, 0x00000000eb880000, 0x0000000100000000)
  eden space 236032K, 100% used [0x00000000d6a00000,0x00000000e5080000,0x00000000e5080000)
  from space 45056K, 0% used [0x00000000e5080000,0x00000000e5080000,0x00000000e7c80000)
  to   space 39936K, 0% used [0x00000000e7c80000,0x00000000e7c80000,0x00000000ea380000)
 ParOldGen       total 152576K, used 139201K [0x0000000083e00000, 0x000000008d300000, 0x00000000d6a00000)
  object space 152576K, 91% used [0x0000000083e00000,0x000000008c5f05a0,0x000000008d300000)
 Metaspace       used 24471K, capacity 24840K, committed 25264K, reserved 1071104K
  class space    used 2821K, capacity 2927K, committed 2992K, reserved 1048576K
Event: 28.373 GC heap after
Heap after GC invocations=22 (full 5):
 PSYoungGen      total 281088K, used 0K [0x00000000d6a00000, 0x00000000eb880000, 0x0000000100000000)
  eden space 236032K, 0% used [0x00000000d6a00000,0x00000000d6a00000,0x00000000e5080000)
  from space 45056K, 0% used [0x00000000e5080000,0x00000000e5080000,0x00000000e7c80000)
  to   space 39936K, 0% used [0x00000000e7c80000,0x00000000e7c80000,0x00000000ea380000)
 ParOldGen       total 205824K, used 98160K [0x0000000083e00000, 0x0000000090700000, 0x00000000d6a00000)
  object space 205824K, 47% used [0x0000000083e00000,0x0000000089ddc380,0x0000000090700000)
 Metaspace       used 24471K, capacity 24840K, committed 25264K, reserved 1071104K
  class space    used 2821K, capacity 2927K, committed 2992K, reserved 1048576K
}

Deoptimization events (10 events):
Event: 21.152 Thread 0x000001cf3c5c9000 Uncommon trap: reason=class_check action=maybe_recompile pc=0x000001cf269a8e74 method=java.util.stream.AbstractPipeline.wrapAndCopyInto(Ljava/util/stream/Sink;Ljava/util/Spliterator;)Ljava/util/stream/Sink; @ 6
Event: 21.152 Thread 0x000001cf3c5c9000 Uncommon trap: reason=class_check action=maybe_recompile pc=0x000001cf269a8e74 method=java.util.stream.AbstractPipeline.wrapAndCopyInto(Ljava/util/stream/Sink;Ljava/util/Spliterator;)Ljava/util/stream/Sink; @ 6
Event: 21.153 Thread 0x000001cf3c5c9000 Uncommon trap: reason=class_check action=maybe_recompile pc=0x000001cf269a8e74 method=java.util.stream.AbstractPipeline.wrapAndCopyInto(Ljava/util/stream/Sink;Ljava/util/Spliterator;)Ljava/util/stream/Sink; @ 6
Event: 21.160 Thread 0x000001cf3c5c9000 Uncommon trap: reason=class_check action=maybe_recompile pc=0x000001cf269a8e74 method=java.util.stream.AbstractPipeline.wrapAndCopyInto(Ljava/util/stream/Sink;Ljava/util/Spliterator;)Ljava/util/stream/Sink; @ 6
Event: 21.187 Thread 0x000001cf3c5c9000 Uncommon trap: reason=class_check action=maybe_recompile pc=0x000001cf269d8670 method=java.util.stream.Sink$ChainedReference.<init>(Ljava/util/stream/Sink;)V @ 9
Event: 21.188 Thread 0x000001cf3c5c9000 Uncommon trap: reason=class_check action=maybe_recompile pc=0x000001cf269d86bc method=java.util.stream.Sink$ChainedReference.<init>(Ljava/util/stream/Sink;)V @ 9
Event: 21.195 Thread 0x000001cf3c5c9000 Uncommon trap: reason=class_check action=maybe_recompile pc=0x000001cf269d8670 method=java.util.stream.Sink$ChainedReference.<init>(Ljava/util/stream/Sink;)V @ 9
Event: 21.196 Thread 0x000001cf3c5c9000 Uncommon trap: reason=class_check action=maybe_recompile pc=0x000001cf269d8670 method=java.util.stream.Sink$ChainedReference.<init>(Ljava/util/stream/Sink;)V @ 9
Event: 23.683 Thread 0x000001cf3c5c9000 Uncommon trap: reason=null_check action=make_not_entrant pc=0x000001cf26d0db0c method=com.mysql.cj.jdbc.JdbcPropertySetImpl.postInitialization()V @ 69
Event: 23.780 Thread 0x000001cf3c5c9000 Uncommon trap: reason=null_check action=make_not_entrant pc=0x000001cf26c57a04 method=com.mysql.cj.jdbc.JdbcPropertySetImpl.postInitialization()V @ 69

Classes redefined (0 events):
No events

Internal exceptions (10 events):
Event: 8.584 Thread 0x000001cf3c5c9000 Exception <a 'java/lang/NullPointerException'> (0x00000000d7ed4ec0) thrown at [C:\jenkins\workspace\8-2-build-windows-amd64-cygwin\jdk8u261\295\hotspot\src\share\vm\runtime\sharedRuntime.cpp, line 605]
Event: 8.663 Thread 0x000001cf3c5c9000 Implicit null exception at 0x000001cf25f23170 to 0x000001cf25f23976
Event: 8.663 Thread 0x000001cf3c5c9000 Exception <a 'java/lang/NullPointerException'> (0x00000000d82d0c28) thrown at [C:\jenkins\workspace\8-2-build-windows-amd64-cygwin\jdk8u261\295\hotspot\src\share\vm\runtime\sharedRuntime.cpp, line 605]
Event: 8.709 Thread 0x000001cf3c5c9000 Implicit null exception at 0x000001cf263b81d8 to 0x000001cf263b830d
Event: 8.719 Thread 0x000001cf3c5c9000 Implicit null exception at 0x000001cf25f23170 to 0x000001cf25f23976
Event: 8.719 Thread 0x000001cf3c5c9000 Exception <a 'java/lang/NullPointerException'> (0x00000000d8876290) thrown at [C:\jenkins\workspace\8-2-build-windows-amd64-cygwin\jdk8u261\295\hotspot\src\share\vm\runtime\sharedRuntime.cpp, line 605]
Event: 8.766 Thread 0x000001cf3c5c9000 Implicit null exception at 0x000001cf25f23170 to 0x000001cf25f23976
Event: 8.766 Thread 0x000001cf3c5c9000 Exception <a 'java/lang/NullPointerException'> (0x00000000d6caf480) thrown at [C:\jenkins\workspace\8-2-build-windows-amd64-cygwin\jdk8u261\295\hotspot\src\share\vm\runtime\sharedRuntime.cpp, line 605]
Event: 23.683 Thread 0x000001cf3c5c9000 Implicit null exception at 0x000001cf26d0ad18 to 0x000001cf26d0dafd
Event: 23.780 Thread 0x000001cf3c5c9000 Implicit null exception at 0x000001cf26c56540 to 0x000001cf26c579f9

Events (10 events):
Event: 29.027 Thread 0x000001cf3c327800 flushing nmethod 0x000001cf2656ab10
Event: 29.027 Thread 0x000001cf3c327800 flushing nmethod 0x000001cf2656be90
Event: 29.027 Thread 0x000001cf3c327800 flushing nmethod 0x000001cf2656c3d0
Event: 29.027 Thread 0x000001cf3c327800 flushing nmethod 0x000001cf2656fbd0
Event: 29.027 Thread 0x000001cf3c327800 flushing nmethod 0x000001cf26583210
Event: 29.028 Thread 0x000001cf3c327800 flushing nmethod 0x000001cf26656990
Event: 29.028 Thread 0x000001cf3c327800 flushing nmethod 0x000001cf26668550
Event: 29.028 Thread 0x000001cf3c327800 flushing nmethod 0x000001cf2669fd90
Event: 29.029 Thread 0x000001cf3c327800 flushing nmethod 0x000001cf266ed350
Event: 29.029 Thread 0x000001cf3c327800 flushing nmethod 0x000001cf267a0f10


Dynamic libraries:
0x00007ff784310000 - 0x00007ff784357000 	E:\Java\jre1.8.0_261\bin\javaw.exe
0x00007ff982060000 - 0x00007ff982250000 	C:\Windows\SYSTEM32\ntdll.dll
0x00007ff980240000 - 0x00007ff9802f2000 	C:\Windows\System32\KERNEL32.DLL
0x00007ff97efd0000 - 0x00007ff97f275000 	C:\Windows\System32\KERNELBASE.dll
0x00007ff980fa0000 - 0x00007ff981043000 	C:\Windows\System32\ADVAPI32.dll
0x00007ff981e20000 - 0x00007ff981ebe000 	C:\Windows\System32\msvcrt.dll
0x00007ff981d80000 - 0x00007ff981e17000 	C:\Windows\System32\sechost.dll
0x00007ff981c60000 - 0x00007ff981d80000 	C:\Windows\System32\RPCRT4.dll
0x00007ff981910000 - 0x00007ff981aa4000 	C:\Windows\System32\USER32.dll
0x00007ff97fd60000 - 0x00007ff97fd81000 	C:\Windows\System32\win32u.dll
0x00007ff981180000 - 0x00007ff9811a6000 	C:\Windows\System32\GDI32.dll
0x00007ff97fee0000 - 0x00007ff980076000 	C:\Windows\System32\gdi32full.dll
0x00007ff97f280000 - 0x00007ff97f31e000 	C:\Windows\System32\msvcp_win.dll
0x00007ff97fc10000 - 0x00007ff97fd0a000 	C:\Windows\System32\ucrtbase.dll
0x00007ff957970000 - 0x00007ff957bf4000 	C:\Windows\WinSxS\amd64_microsoft.windows.common-controls_6595b64144ccf1df_6.0.18362.1256_none_9e7e379be45e40e2\COMCTL32.dll
0x00007ff980300000 - 0x00007ff980636000 	C:\Windows\System32\combase.dll
0x00007ff980080000 - 0x00007ff980101000 	C:\Windows\System32\bcryptPrimitives.dll
0x00007ff980d60000 - 0x00007ff980d8e000 	C:\Windows\System32\IMM32.DLL
0x00007ff973660000 - 0x00007ff973675000 	E:\Java\jre1.8.0_261\bin\vcruntime140.dll
0x00007ff9735c0000 - 0x00007ff97365b000 	E:\Java\jre1.8.0_261\bin\msvcp140.dll
0x0000000067880000 - 0x00000000680ec000 	E:\Java\jre1.8.0_261\bin\server\jvm.dll
0x00007ff980cf0000 - 0x00007ff980cf8000 	C:\Windows\System32\PSAPI.DLL
0x00007ff974e90000 - 0x00007ff974e99000 	C:\Windows\SYSTEM32\WSOCK32.dll
0x00007ff9779d0000 - 0x00007ff9779f4000 	C:\Windows\SYSTEM32\WINMM.dll
0x00007ff980e50000 - 0x00007ff980ebf000 	C:\Windows\System32\WS2_32.dll
0x00007ff97eae0000 - 0x00007ff97eaea000 	C:\Windows\SYSTEM32\VERSION.dll
0x00007ff9779a0000 - 0x00007ff9779cd000 	C:\Windows\SYSTEM32\winmmbase.dll
0x00007ff97fd10000 - 0x00007ff97fd5a000 	C:\Windows\System32\cfgmgr32.dll
0x00007ff97ef10000 - 0x00007ff97ef21000 	C:\Windows\System32\kernel.appcore.dll
0x00007ff974e80000 - 0x00007ff974e90000 	E:\Java\jre1.8.0_261\bin\verify.dll
0x00007ff958230000 - 0x00007ff95825b000 	E:\Java\jre1.8.0_261\bin\java.dll
0x00007ff973580000 - 0x00007ff9735b2000 	E:\Java\jre1.8.0_261\bin\instrument.dll
0x00007ff974e60000 - 0x00007ff974e78000 	E:\Java\jre1.8.0_261\bin\zip.dll
0x00007ff981220000 - 0x00007ff981907000 	C:\Windows\System32\SHELL32.dll
0x00007ff980d90000 - 0x00007ff980e39000 	C:\Windows\System32\shcore.dll
0x00007ff97f320000 - 0x00007ff97faa1000 	C:\Windows\System32\windows.storage.dll
0x00007ff97ef80000 - 0x00007ff97efa3000 	C:\Windows\System32\profapi.dll
0x00007ff97ef30000 - 0x00007ff97ef7a000 	C:\Windows\System32\powrprof.dll
0x00007ff97ef00000 - 0x00007ff97ef10000 	C:\Windows\System32\UMPDC.dll
0x00007ff980d00000 - 0x00007ff980d52000 	C:\Windows\System32\shlwapi.dll
0x00007ff97fb60000 - 0x00007ff97fb77000 	C:\Windows\System32\cryptsp.dll
0x00007ff965c80000 - 0x00007ff965c9c000 	E:\Java\jre1.8.0_261\bin\net.dll
0x00007ff97e6e0000 - 0x00007ff97e747000 	C:\Windows\system32\mswsock.dll
0x00007ff955240000 - 0x00007ff955256000 	C:\Windows\system32\napinsp.dll
0x00007ff955220000 - 0x00007ff95523a000 	C:\Windows\system32\pnrpnsp.dll
0x00007ff97e430000 - 0x00007ff97e4fb000 	C:\Windows\SYSTEM32\DNSAPI.dll
0x00007ff980e40000 - 0x00007ff980e48000 	C:\Windows\System32\NSI.dll
0x00007ff97e3f0000 - 0x00007ff97e42a000 	C:\Windows\SYSTEM32\IPHLPAPI.DLL
0x00007ff955970000 - 0x00007ff95597e000 	C:\Windows\System32\winrnr.dll
0x00007ff977ca0000 - 0x00007ff977cbc000 	C:\Windows\system32\NLAapi.dll
0x00007ff955200000 - 0x00007ff955215000 	C:\Windows\system32\wshbth.dll
0x00007ff96f890000 - 0x00007ff96f89a000 	C:\Windows\System32\rasadhlp.dll
0x00007ff96f6c0000 - 0x00007ff96f737000 	C:\Windows\System32\fwpuclnt.dll
0x00007ff97fb80000 - 0x00007ff97fba6000 	C:\Windows\System32\bcrypt.dll
0x00007ff93f000000 - 0x00007ff93f194000 	E:\Java\jre1.8.0_261\bin\awt.dll
0x00007ff980ed0000 - 0x00007ff980f95000 	C:\Windows\System32\OLEAUT32.dll
0x00007ff97c920000 - 0x00007ff97c9af000 	C:\Windows\SYSTEM32\apphelp.dll
0x00007ff97cdf0000 - 0x00007ff97ce89000 	C:\Windows\system32\uxtheme.dll
0x00007ff9806c0000 - 0x00007ff9807f5000 	C:\Windows\System32\MSCTF.dll
0x00007ff981ec0000 - 0x00007ff982017000 	C:\Windows\System32\ole32.dll
0x00007ff97ced0000 - 0x00007ff97cefd000 	C:\Windows\system32\DWMAPI.DLL
0x00007ff96a1a0000 - 0x00007ff96a2f6000 	C:\Windows\system32\opengl32.dll
0x00007ff96eed0000 - 0x00007ff96eefc000 	C:\Windows\SYSTEM32\GLU32.dll
0x00007ff97dad0000 - 0x00007ff97daf0000 	C:\Windows\SYSTEM32\dxcore.dll
0x00007ff96a980000 - 0x00007ff96a9c9000 	E:\Java\jre1.8.0_261\bin\fontmanager.dll
0x00007ff95ee00000 - 0x00007ff95ee13000 	E:\Java\jre1.8.0_261\bin\nio.dll
0x00007ff9810d0000 - 0x00007ff981172000 	C:\Windows\System32\clbcatq.dll
0x00007ff976920000 - 0x00007ff976acf000 	C:\Windows\SYSTEM32\WindowsCodecs.dll
0x00007ff966130000 - 0x00007ff96616a000 	C:\Windows\system32\dataexchange.dll
0x00007ff978a00000 - 0x00007ff978c5b000 	C:\Windows\system32\d3d11.dll
0x00007ff9790c0000 - 0x00007ff97929d000 	C:\Windows\system32\dcomp.dll
0x00007ff97db60000 - 0x00007ff97dc4b000 	C:\Windows\system32\dxgi.dll
0x00007ff97cf00000 - 0x00007ff97d162000 	C:\Windows\system32\twinapi.appcore.dll
0x00007ff97d3f0000 - 0x00007ff97d419000 	C:\Windows\system32\RMCLIENT.dll
0x00007ff96c630000 - 0x00007ff96c6ce000 	C:\Windows\System32\TextInputFramework.dll
0x00007ff976c30000 - 0x00007ff976f5a000 	C:\Windows\System32\CoreUIComponents.dll
0x00007ff979610000 - 0x00007ff9796e4000 	C:\Windows\System32\CoreMessaging.dll
0x00007ff97dfe0000 - 0x00007ff97e011000 	C:\Windows\SYSTEM32\ntmarta.dll
0x00007ff976ad0000 - 0x00007ff976c23000 	C:\Windows\SYSTEM32\wintypes.dll
0x00007ff966580000 - 0x00007ff9665c3000 	E:\Java\jre1.8.0_261\bin\t2k.dll
0x00007ff963910000 - 0x00007ff963bb7000 	C:\Windows\System32\iertutil.dll
0x00007ff949670000 - 0x00007ff94985d000 	C:\Windows\system32\SogouTSF.ime
0x00007ff96df00000 - 0x00007ff96df07000 	C:\Windows\system32\MSIMG32.dll
0x00007ff941720000 - 0x00007ff941fb3000 	C:\Windows\system32\SogouPy.ime
0x00007ff977ba0000 - 0x00007ff977c90000 	C:\Windows\SYSTEM32\WINHTTP.dll
0x00007ff94be90000 - 0x00007ff94bef5000 	C:\Windows\SYSTEM32\OLEACC.dll
0x00007ff948c90000 - 0x00007ff948ef9000 	C:\Program Files (x86)\sogoupinyin\Components\PicFace\1.1.0.1870\PicFace64.dll
0x00007ff980110000 - 0x00007ff9801e0000 	C:\Windows\System32\COMDLG32.dll
0x0000000010000000 - 0x000000001011d000 	C:\Program Files (x86)\sogoupinyin\9.6.0.3630\Resource.dll
0x00007ff965f40000 - 0x00007ff965f64000 	E:\Java\jre1.8.0_261\bin\sunec.dll
0x00007ff972590000 - 0x00007ff9725a6000 	C:\Windows\SYSTEM32\dhcpcsvc6.DLL
0x00007ff974c20000 - 0x00007ff974c3c000 	C:\Windows\SYSTEM32\dhcpcsvc.DLL
0x00007ff97e250000 - 0x00007ff97e283000 	C:\Windows\system32\rsaenh.dll
0x00007ff97ede0000 - 0x00007ff97ee05000 	C:\Windows\SYSTEM32\USERENV.dll
0x00007ff97e8b0000 - 0x00007ff97e8bc000 	C:\Windows\SYSTEM32\CRYPTBASE.dll
0x00007ff96e5f0000 - 0x00007ff96e5fd000 	E:\Java\jre1.8.0_261\bin\sunmscapi.dll
0x00007ff97fd90000 - 0x00007ff97fed9000 	C:\Windows\System32\CRYPT32.dll
0x00007ff97efb0000 - 0x00007ff97efc2000 	C:\Windows\System32\MSASN1.dll
0x00007ff97e9b0000 - 0x00007ff97e9d6000 	C:\Windows\SYSTEM32\ncrypt.dll
0x00007ff97e970000 - 0x00007ff97e9ab000 	C:\Windows\SYSTEM32\NTASN1.dll
0x00007ff97d790000 - 0x00007ff97d984000 	C:\Windows\SYSTEM32\dbghelp.dll

VM Arguments:
jvm_args: -javaagent:E:\Java\eclipse\configuration\org.eclipse.osgi\476\0\.cp\jacocoagent.jar=includes=*,excludes=,exclclassloader=sun.reflect.DelegatingClassLoader,output=tcpclient,port=58327 -Dfile.encoding=GBK 
java_command: cn.edu.jsu.jyt.frm.FrmLogin
java_class_path (initial): E:\Java\学生学籍管理系统\bin;E:\Java\学生学籍管理系统\lib\commons-collections4-4.4.jar;E:\Java\学生学籍管理系统\lib\commons-compress-1.19.jar;E:\Java\学生学籍管理系统\lib\commons-math3-3.6.1.jar;E:\Java\学生学籍管理系统\lib\curvesapi-1.06.jar;E:\Java\学生学籍管理系统\lib\mysql-connector-java-8.0.22.jar;E:\Java\学生学籍管理系统\lib\poi-4.1.2.jar;E:\Java\学生学籍管理系统\lib\poi-ooxml-4.1.2.jar;E:\Java\学生学籍管理系统\lib\poi-ooxml-schemas-4.1.2.jar;E:\Java\学生学籍管理系统\lib\xmlbeans-3.1.0.jar;E:\Java\eclipse\configuration\org.eclipse.osgi\476\0\.cp\jacocoagent.jar
Launcher Type: SUN_STANDARD

Environment Variables:
JAVA_HOME=E:\Java\jdk1.8.0_261
CLASSPATH=.;E:\Java\jdk1.8.0_261\lib\dt.jar;E:\Java\jdk1.8.0_261\lib\tools.jar;
PATH=E:/Java/jre1.8.0_261/bin/server;E:/Java/jre1.8.0_261/bin;E:/Java/jre1.8.0_261/lib/amd64;C:\Program Files\Microsoft MPI\Bin\;C:\Program Files (x86)\Common Files\Oracle\Java\javapath;C:\Windows\system32;C:\Windows;C:\Windows\System32\Wbem;C:\Windows\System32\WindowsPowerShell\v1.0\;C:\Windows\System32\OpenSSH\;C:\Program Files (x86)\NVIDIA Corporation\PhysX\Common;C:\Program Files\NVIDIA Corporation\NVIDIA NvDLISR;C:\Program Files\dotnet\;C:\Program Files\Microsoft SQL Server\130\Tools\Binn\;C:\Program Files\Microsoft SQL Server\Client SDK\ODBC\170\Tools\Binn\;E:\Java\jdk1.8.0_261\bin;E:\Java\jdk1.8.0_261\jre\bin;C:\Program Files (x86)\Microsoft SQL Server\150\Tools\Binn\;C:\Program Files\Microsoft SQL Server\150\Tools\Binn\;C:\Program Files (x86)\Microsoft SQL Server\150\DTS\Binn\;C:\Program Files\Microsoft SQL Server\150\DTS\Binn\;E:\environment\mysql-8.0.22-winx64\bin;E:\Scripts\;E:\;C:\Users\J\AppData\Local\Microsoft\WindowsApps;;E:\Java\eclipse;
USERNAME=J
OS=Windows_NT
PROCESSOR_IDENTIFIER=Intel64 Family 6 Model 142 Stepping 12, GenuineIntel



---------------  S Y S T E M  ---------------

OS: Windows 10.0 , 64 bit Build 18362 (10.0.18362.1110)

CPU:total 8 (initial active 8) (4 cores per cpu, 2 threads per core) family 6 model 142 stepping 12, cmov, cx8, fxsr, mmx, sse, sse2, sse3, ssse3, sse4.1, sse4.2, popcnt, avx, avx2, aes, clmul, erms, 3dnowpref, lzcnt, ht, tsc, tscinvbit, bmi1, bmi2, adx

Memory: 4k page, physical 8133344k(452312k free), swap 33299168k(3436k free)

vm_info: Java HotSpot(TM) 64-Bit Server VM (25.261-b12) for windows-amd64 JRE (1.8.0_261-b12), built on Jun 18 2020 06:56:32 by "" with unknown MS VC++:1916

time: Tue Jan  5 21:34:24 2021
timezone: ?D1ú±ê×?ê±??
elapsed time: 29 seconds (0d 0h 0m 29s)

